
Gurobi 10.0.2 (win64, C++) logging started Fri Aug 23 13:02:25 2024

Set parameter Username
Set parameter LogFile to value "AMVs_CD_PF_b2.log"

--------------------------------------------
Warning: your license will expire in 11 days
--------------------------------------------

Academic license - for non-commercial use only - expires 2024-09-03

Gurobi 10.0.2 (win64, C++) logging started Fri Aug 23 13:03:12 2024

Set parameter Username
Set parameter LogFile to value "AMVs_CD_PF_b2.log"

--------------------------------------------
Warning: your license will expire in 11 days
--------------------------------------------

Academic license - for non-commercial use only - expires 2024-09-03

Gurobi 10.0.2 (win64, C++) logging started Fri Aug 23 13:03:49 2024

Set parameter Username
Set parameter LogFile to value "AMVs_CD_PF_b2.log"

--------------------------------------------
Warning: your license will expire in 11 days
--------------------------------------------

Academic license - for non-commercial use only - expires 2024-09-03

Gurobi 10.0.2 (win64, C++) logging started Fri Aug 23 13:04:15 2024

Set parameter Username
Set parameter LogFile to value "AMVs_CD_PF_b2.log"

--------------------------------------------
Warning: your license will expire in 11 days
--------------------------------------------

Academic license - for non-commercial use only - expires 2024-09-03
Gurobi Optimizer version 10.0.2 build v10.0.2rc0 (win64)

CPU model: 12th Gen Intel(R) Core(TM) i9-12900H, instruction set [SSE2|AVX|AVX2]
Thread count: 14 physical cores, 20 logical processors, using up to 20 threads

Optimize a model with 6222 rows, 7272 columns and 25425 nonzeros
Model fingerprint: 0xf9dd74dc
Variable types: 3264 continuous, 4008 integer (3300 binary)
Coefficient statistics:
  Matrix range     [1e+00, 9e+00]
  Objective range  [4e+02, 1e+04]
  Bounds range     [1e+00, 1e+00]
  RHS range        [1e+00, 1e+02]
Found heuristic solution: objective 54000.000000
Presolve removed 6222 rows and 7272 columns
Presolve time: 0.04s
Presolve: All rows and columns removed

Explored 0 nodes (0 simplex iterations) in 0.04 seconds (0.06 work units)
Thread count was 1 (of 20 available processors)

Solution count 1: 54000 

Optimal solution found (tolerance 1.00e-04)
Best objective 5.400000000000e+04, best bound 5.400000000000e+04, gap 0.0000%

Gurobi 10.0.2 (win64, C++) logging started Fri Aug 23 13:07:38 2024

Set parameter Username
Set parameter LogFile to value "AMVs_CD_PF_b2.log"

--------------------------------------------
Warning: your license will expire in 11 days
--------------------------------------------

Academic license - for non-commercial use only - expires 2024-09-03
Gurobi Optimizer version 10.0.2 build v10.0.2rc0 (win64)

CPU model: 12th Gen Intel(R) Core(TM) i9-12900H, instruction set [SSE2|AVX|AVX2]
Thread count: 14 physical cores, 20 logical processors, using up to 20 threads

Optimize a model with 6222 rows, 7272 columns and 25425 nonzeros
Model fingerprint: 0xe852c682
Variable types: 3264 continuous, 4008 integer (3300 binary)
Coefficient statistics:
  Matrix range     [1e+00, 9e+00]
  Objective range  [4e+01, 1e+04]
  Bounds range     [1e+00, 1e+00]
  RHS range        [1e+00, 1e+02]
Found heuristic solution: objective 54000.000000
Presolve removed 6222 rows and 7272 columns
Presolve time: 0.04s
Presolve: All rows and columns removed

Explored 0 nodes (0 simplex iterations) in 0.04 seconds (0.06 work units)
Thread count was 1 (of 20 available processors)

Solution count 1: 54000 

Optimal solution found (tolerance 1.00e-04)
Best objective 5.400000000000e+04, best bound 5.400000000000e+04, gap 0.0000%

Gurobi 10.0.2 (win64, C++) logging started Fri Aug 23 13:09:07 2024

Set parameter Username
Set parameter LogFile to value "AMVs_CD_PF_b2.log"

--------------------------------------------
Warning: your license will expire in 11 days
--------------------------------------------

Academic license - for non-commercial use only - expires 2024-09-03
Gurobi Optimizer version 10.0.2 build v10.0.2rc0 (win64)

CPU model: 12th Gen Intel(R) Core(TM) i9-12900H, instruction set [SSE2|AVX|AVX2]
Thread count: 14 physical cores, 20 logical processors, using up to 20 threads

Optimize a model with 6222 rows, 7272 columns and 25425 nonzeros
Model fingerprint: 0xe852c682
Variable types: 3264 continuous, 4008 integer (3300 binary)
Coefficient statistics:
  Matrix range     [1e+00, 9e+00]
  Objective range  [4e+01, 1e+04]
  Bounds range     [1e+00, 1e+00]
  RHS range        [1e+00, 1e+02]
Found heuristic solution: objective 54000.000000
Presolve removed 6222 rows and 7272 columns
Presolve time: 0.04s
Presolve: All rows and columns removed

Explored 0 nodes (0 simplex iterations) in 0.04 seconds (0.06 work units)
Thread count was 1 (of 20 available processors)

Solution count 1: 54000 

Optimal solution found (tolerance 1.00e-04)
Best objective 5.400000000000e+04, best bound 5.400000000000e+04, gap 0.0000%

Gurobi 10.0.2 (win64, C++) logging started Fri Aug 23 13:10:46 2024

Set parameter Username
Set parameter LogFile to value "AMVs_CD_PF_b2.log"

--------------------------------------------
Warning: your license will expire in 11 days
--------------------------------------------

Academic license - for non-commercial use only - expires 2024-09-03
Gurobi Optimizer version 10.0.2 build v10.0.2rc0 (win64)

CPU model: 12th Gen Intel(R) Core(TM) i9-12900H, instruction set [SSE2|AVX|AVX2]
Thread count: 14 physical cores, 20 logical processors, using up to 20 threads

Optimize a model with 6222 rows, 7272 columns and 25425 nonzeros
Model fingerprint: 0xe852c682
Variable types: 3264 continuous, 4008 integer (3300 binary)
Coefficient statistics:
  Matrix range     [1e+00, 9e+00]
  Objective range  [4e+01, 1e+04]
  Bounds range     [1e+00, 1e+00]
  RHS range        [1e+00, 1e+02]
Found heuristic solution: objective 54000.000000
Presolve removed 6222 rows and 7272 columns
Presolve time: 0.03s
Presolve: All rows and columns removed

Explored 0 nodes (0 simplex iterations) in 0.04 seconds (0.06 work units)
Thread count was 1 (of 20 available processors)

Solution count 1: 54000 

Optimal solution found (tolerance 1.00e-04)
Best objective 5.400000000000e+04, best bound 5.400000000000e+04, gap 0.0000%

Gurobi 10.0.2 (win64, C++) logging started Fri Aug 23 17:15:55 2024

Set parameter Username
Set parameter LogFile to value "AMVs_CD_PF_b2.log"

--------------------------------------------
Warning: your license will expire in 11 days
--------------------------------------------

Academic license - for non-commercial use only - expires 2024-09-03
Gurobi Optimizer version 10.0.2 build v10.0.2rc0 (win64)

CPU model: 12th Gen Intel(R) Core(TM) i9-12900H, instruction set [SSE2|AVX|AVX2]
Thread count: 14 physical cores, 20 logical processors, using up to 20 threads

Optimize a model with 6333 rows, 7440 columns and 26262 nonzeros
Model fingerprint: 0x758dcb2b
Variable types: 3342 continuous, 4098 integer (3378 binary)
Coefficient statistics:
  Matrix range     [1e+00, 9e+00]
  Objective range  [1e+01, 1e+04]
  Bounds range     [1e+00, 1e+00]
  RHS range        [1e+00, 1e+02]
Found heuristic solution: objective 54000.000000
Presolve removed 4348 rows and 4992 columns
Presolve time: 0.25s
Presolved: 1985 rows, 2448 columns, 21024 nonzeros
Found heuristic solution: objective 30471.000000
Variable types: 1022 continuous, 1426 integer (1426 binary)

Root relaxation: objective 1.272000e+03, 793 iterations, 0.02 seconds (0.02 work units)

    Nodes    |    Current Node    |     Objective Bounds      |     Work
 Expl Unexpl |  Obj  Depth IntInf | Incumbent    BestBd   Gap | It/Node Time

*    0     0               0    1272.0000000 1272.00000  0.00%     -    0s

Explored 1 nodes (793 simplex iterations) in 0.29 seconds (0.29 work units)
Thread count was 20 (of 20 available processors)

Solution count 3: 1272 30471 54000 

Optimal solution found (tolerance 1.00e-04)
Best objective 1.272000000000e+03, best bound 1.272000000000e+03, gap 0.0000%

Gurobi 10.0.2 (win64, C++) logging started Fri Aug 23 17:18:53 2024

Set parameter Username
Set parameter LogFile to value "AMVs_CD_PF_b2.log"

--------------------------------------------
Warning: your license will expire in 11 days
--------------------------------------------

Academic license - for non-commercial use only - expires 2024-09-03
Gurobi Optimizer version 10.0.2 build v10.0.2rc0 (win64)

CPU model: 12th Gen Intel(R) Core(TM) i9-12900H, instruction set [SSE2|AVX|AVX2]
Thread count: 14 physical cores, 20 logical processors, using up to 20 threads

Optimize a model with 6333 rows, 7440 columns and 26262 nonzeros
Model fingerprint: 0x02a9ff47
Variable types: 3342 continuous, 4098 integer (3378 binary)
Coefficient statistics:
  Matrix range     [1e+00, 9e+00]
  Objective range  [4e+02, 1e+04]
  Bounds range     [1e+00, 1e+00]
  RHS range        [1e+00, 1e+02]
Found heuristic solution: objective 54000.000000
Presolve removed 4348 rows and 4992 columns
Presolve time: 0.24s
Presolved: 1985 rows, 2448 columns, 21024 nonzeros
Found heuristic solution: objective 34431.000000
Variable types: 1022 continuous, 1426 integer (1426 binary)

Root relaxation: objective 1.207200e+04, 819 iterations, 0.02 seconds (0.02 work units)

    Nodes    |    Current Node    |     Objective Bounds      |     Work
 Expl Unexpl |  Obj  Depth IntInf | Incumbent    BestBd   Gap | It/Node Time

*    0     0               0    12072.000000 12072.0000  0.00%     -    0s

Explored 1 nodes (819 simplex iterations) in 0.28 seconds (0.30 work units)
Thread count was 20 (of 20 available processors)

Solution count 3: 12072 34431 54000 

Optimal solution found (tolerance 1.00e-04)
Best objective 1.207200000000e+04, best bound 1.207200000000e+04, gap 0.0000%

Gurobi 10.0.2 (win64, C++) logging started Fri Aug 23 17:22:18 2024

Set parameter Username
Set parameter LogFile to value "AMVs_CD_PF_b2.log"

--------------------------------------------
Warning: your license will expire in 11 days
--------------------------------------------

Academic license - for non-commercial use only - expires 2024-09-03
Gurobi Optimizer version 10.0.2 build v10.0.2rc0 (win64)

CPU model: 12th Gen Intel(R) Core(TM) i9-12900H, instruction set [SSE2|AVX|AVX2]
Thread count: 14 physical cores, 20 logical processors, using up to 20 threads

Optimize a model with 6204 rows, 7272 columns and 25665 nonzeros
Model fingerprint: 0xa902cbae
Variable types: 3264 continuous, 4008 integer (3300 binary)
Coefficient statistics:
  Matrix range     [1e+00, 9e+00]
  Objective range  [4e+02, 1e+04]
  Bounds range     [1e+00, 1e+00]
  RHS range        [1e+00, 1e+02]
Found heuristic solution: objective 54000.000000
Presolve removed 4249 rows and 4872 columns
Presolve time: 0.22s
Presolved: 1955 rows, 2400 columns, 21125 nonzeros
Found heuristic solution: objective 34833.000000
Variable types: 1010 continuous, 1390 integer (1390 binary)

Root relaxation: objective 1.247400e+04, 767 iterations, 0.02 seconds (0.02 work units)

    Nodes    |    Current Node    |     Objective Bounds      |     Work
 Expl Unexpl |  Obj  Depth IntInf | Incumbent    BestBd   Gap | It/Node Time

*    0     0               0    12474.000000 12474.0000  0.00%     -    0s

Explored 1 nodes (767 simplex iterations) in 0.26 seconds (0.28 work units)
Thread count was 20 (of 20 available processors)

Solution count 3: 12474 34833 54000 

Optimal solution found (tolerance 1.00e-04)
Best objective 1.247400000000e+04, best bound 1.247400000000e+04, gap 0.0000%

Gurobi 10.0.2 (win64, C++) logging started Fri Aug 23 17:26:18 2024

Set parameter Username
Set parameter LogFile to value "AMVs_CD_PF_b2.log"

--------------------------------------------
Warning: your license will expire in 11 days
--------------------------------------------

Academic license - for non-commercial use only - expires 2024-09-03
Gurobi Optimizer version 10.0.2 build v10.0.2rc0 (win64)

CPU model: 12th Gen Intel(R) Core(TM) i9-12900H, instruction set [SSE2|AVX|AVX2]
Thread count: 14 physical cores, 20 logical processors, using up to 20 threads

Optimize a model with 6072 rows, 7092 columns and 25038 nonzeros
Model fingerprint: 0xe01a64a1
Variable types: 3180 continuous, 3912 integer (3216 binary)
Coefficient statistics:
  Matrix range     [1e+00, 1e+01]
  Objective range  [4e+02, 1e+04]
  Bounds range     [1e+00, 1e+00]
  RHS range        [1e+00, 1e+02]
Found heuristic solution: objective 54000.000000
Presolve removed 4168 rows and 4770 columns
Presolve time: 0.25s
Presolved: 1904 rows, 2322 columns, 20337 nonzeros
Found heuristic solution: objective 34833.000000
Variable types: 977 continuous, 1345 integer (1345 binary)

Root relaxation: objective 1.287600e+04, 600 iterations, 0.01 seconds (0.01 work units)

    Nodes    |    Current Node    |     Objective Bounds      |     Work
 Expl Unexpl |  Obj  Depth IntInf | Incumbent    BestBd   Gap | It/Node Time

*    0     0               0    12876.000000 12876.0000  0.00%     -    0s

Explored 1 nodes (600 simplex iterations) in 0.27 seconds (0.27 work units)
Thread count was 20 (of 20 available processors)

Solution count 3: 12876 34833 54000 

Optimal solution found (tolerance 1.00e-04)
Best objective 1.287600000000e+04, best bound 1.287600000000e+04, gap 0.0000%

Gurobi 10.0.2 (win64, C++) logging started Fri Aug 23 17:29:53 2024

Set parameter Username
Set parameter LogFile to value "AMVs_CD_PF_b2.log"

--------------------------------------------
Warning: your license will expire in 11 days
--------------------------------------------

Academic license - for non-commercial use only - expires 2024-09-03
Gurobi Optimizer version 10.0.2 build v10.0.2rc0 (win64)

CPU model: 12th Gen Intel(R) Core(TM) i9-12900H, instruction set [SSE2|AVX|AVX2]
Thread count: 14 physical cores, 20 logical processors, using up to 20 threads

Optimize a model with 5838 rows, 6804 columns and 23994 nonzeros
Model fingerprint: 0x31d3f2c7
Variable types: 3048 continuous, 3756 integer (3084 binary)
Coefficient statistics:
  Matrix range     [1e+00, 1e+01]
  Objective range  [4e+02, 1e+04]
  Bounds range     [1e+00, 1e+00]
  RHS range        [1e+00, 1e+02]
Found heuristic solution: objective 54000.000000
Presolve removed 3985 rows and 4545 columns
Presolve time: 0.22s
Presolved: 1853 rows, 2259 columns, 20207 nonzeros
Found heuristic solution: objective 35637.000000
Variable types: 947 continuous, 1312 integer (1312 binary)

Root relaxation: objective 1.368000e+04, 665 iterations, 0.02 seconds (0.02 work units)

    Nodes    |    Current Node    |     Objective Bounds      |     Work
 Expl Unexpl |  Obj  Depth IntInf | Incumbent    BestBd   Gap | It/Node Time

*    0     0               0    13680.000000 13680.0000  0.00%     -    0s

Explored 1 nodes (665 simplex iterations) in 0.26 seconds (0.26 work units)
Thread count was 20 (of 20 available processors)

Solution count 3: 13680 35637 54000 

Optimal solution found (tolerance 1.00e-04)
Best objective 1.368000000000e+04, best bound 1.368000000000e+04, gap 0.0000%

Gurobi 10.0.2 (win64, C++) logging started Fri Aug 23 17:35:37 2024

Set parameter Username
Set parameter LogFile to value "AMVs_CD_PF_b2.log"

--------------------------------------------
Warning: your license will expire in 11 days
--------------------------------------------

Academic license - for non-commercial use only - expires 2024-09-03
Gurobi Optimizer version 10.0.2 build v10.0.2rc0 (win64)

CPU model: 12th Gen Intel(R) Core(TM) i9-12900H, instruction set [SSE2|AVX|AVX2]
Thread count: 14 physical cores, 20 logical processors, using up to 20 threads

Optimize a model with 5819 rows, 6792 columns and 23925 nonzeros
Model fingerprint: 0x75d314ae
Variable types: 3042 continuous, 3750 integer (3078 binary)
Coefficient statistics:
  Matrix range     [1e+00, 1e+01]
  Objective range  [4e+02, 1e+04]
  Bounds range     [1e+00, 1e+00]
  RHS range        [1e+00, 1e+02]
Found heuristic solution: objective 44000.000000
Presolve removed 4260 rows and 4782 columns
Presolve time: 0.21s
Presolved: 1559 rows, 2010 columns, 20300 nonzeros
Found heuristic solution: objective 25637.000000
Variable types: 716 continuous, 1294 integer (1294 binary)

Root relaxation: objective 1.166900e+04, 553 iterations, 0.01 seconds (0.01 work units)

    Nodes    |    Current Node    |     Objective Bounds      |     Work
 Expl Unexpl |  Obj  Depth IntInf | Incumbent    BestBd   Gap | It/Node Time

*    0     0               0    11669.000000 11669.0000  0.00%     -    0s

Explored 1 nodes (553 simplex iterations) in 0.24 seconds (0.26 work units)
Thread count was 20 (of 20 available processors)

Solution count 3: 11669 25637 44000 

Optimal solution found (tolerance 1.00e-04)
Best objective 1.166900000000e+04, best bound 1.166900000000e+04, gap 0.0000%

Gurobi 10.0.2 (win64, C++) logging started Fri Aug 23 17:41:15 2024

Set parameter Username
Set parameter LogFile to value "AMVs_CD_PF_b2.log"

--------------------------------------------
Warning: your license will expire in 11 days
--------------------------------------------

Academic license - for non-commercial use only - expires 2024-09-03
Gurobi Optimizer version 10.0.2 build v10.0.2rc0 (win64)

CPU model: 12th Gen Intel(R) Core(TM) i9-12900H, instruction set [SSE2|AVX|AVX2]
Thread count: 14 physical cores, 20 logical processors, using up to 20 threads

Optimize a model with 5819 rows, 6792 columns and 23925 nonzeros
Model fingerprint: 0x75d314ae
Variable types: 3042 continuous, 3750 integer (3078 binary)
Coefficient statistics:
  Matrix range     [1e+00, 1e+01]
  Objective range  [4e+02, 1e+04]
  Bounds range     [1e+00, 1e+00]
  RHS range        [1e+00, 1e+02]
Found heuristic solution: objective 44000.000000
Presolve removed 4260 rows and 4782 columns
Presolve time: 0.23s
Presolved: 1559 rows, 2010 columns, 20300 nonzeros
Found heuristic solution: objective 25637.000000
Variable types: 716 continuous, 1294 integer (1294 binary)

Root relaxation: objective 1.166900e+04, 553 iterations, 0.01 seconds (0.01 work units)

    Nodes    |    Current Node    |     Objective Bounds      |     Work
 Expl Unexpl |  Obj  Depth IntInf | Incumbent    BestBd   Gap | It/Node Time

*    0     0               0    11669.000000 11669.0000  0.00%     -    0s

Explored 1 nodes (553 simplex iterations) in 0.25 seconds (0.26 work units)
Thread count was 20 (of 20 available processors)

Solution count 3: 11669 25637 44000 

Optimal solution found (tolerance 1.00e-04)
Best objective 1.166900000000e+04, best bound 1.166900000000e+04, gap 0.0000%

Gurobi 10.0.2 (win64, C++) logging started Fri Aug 23 17:48:02 2024

Set parameter Username
Set parameter LogFile to value "AMVs_CD_PF_b2.log"

--------------------------------------------
Warning: your license will expire in 11 days
--------------------------------------------

Academic license - for non-commercial use only - expires 2024-09-03
Gurobi Optimizer version 10.0.2 build v10.0.2rc0 (win64)

CPU model: 12th Gen Intel(R) Core(TM) i9-12900H, instruction set [SSE2|AVX|AVX2]
Thread count: 14 physical cores, 20 logical processors, using up to 20 threads

Optimize a model with 4669 rows, 5406 columns and 18705 nonzeros
Model fingerprint: 0x7e77d9f1
Variable types: 2412 continuous, 2994 integer (2442 binary)
Coefficient statistics:
  Matrix range     [1e+00, 1e+01]
  Objective range  [4e+02, 1e+04]
  Bounds range     [1e+00, 1e+00]
  RHS range        [1e+00, 1e+02]
Found heuristic solution: objective 36000.000000
Presolve removed 3459 rows and 3895 columns
Presolve time: 0.14s
Presolved: 1210 rows, 1511 columns, 15887 nonzeros
Found heuristic solution: objective 24428.000000
Variable types: 571 continuous, 940 integer (940 binary)

Root relaxation: objective 9.656000e+03, 321 iterations, 0.00 seconds (0.01 work units)

    Nodes    |    Current Node    |     Objective Bounds      |     Work
 Expl Unexpl |  Obj  Depth IntInf | Incumbent    BestBd   Gap | It/Node Time

*    0     0               0    9656.0000000 9656.00000  0.00%     -    0s

Explored 1 nodes (321 simplex iterations) in 0.15 seconds (0.18 work units)
Thread count was 20 (of 20 available processors)

Solution count 3: 9656 24428 36000 

Optimal solution found (tolerance 1.00e-04)
Best objective 9.656000000000e+03, best bound 9.656000000000e+03, gap 0.0000%

Gurobi 10.0.2 (win64, C++) logging started Fri Aug 23 17:52:01 2024

Set parameter Username
Set parameter LogFile to value "AMVs_CD_PF_b2.log"

--------------------------------------------
Warning: your license will expire in 11 days
--------------------------------------------

Academic license - for non-commercial use only - expires 2024-09-03
Gurobi Optimizer version 10.0.2 build v10.0.2rc0 (win64)

CPU model: 12th Gen Intel(R) Core(TM) i9-12900H, instruction set [SSE2|AVX|AVX2]
Thread count: 14 physical cores, 20 logical processors, using up to 20 threads

Optimize a model with 4669 rows, 5406 columns and 18705 nonzeros
Model fingerprint: 0x7e77d9f1
Variable types: 2412 continuous, 2994 integer (2442 binary)
Coefficient statistics:
  Matrix range     [1e+00, 1e+01]
  Objective range  [4e+02, 1e+04]
  Bounds range     [1e+00, 1e+00]
  RHS range        [1e+00, 1e+02]
Found heuristic solution: objective 36000.000000
Presolve removed 3459 rows and 3895 columns
Presolve time: 0.12s
Presolved: 1210 rows, 1511 columns, 15887 nonzeros
Found heuristic solution: objective 24428.000000
Variable types: 571 continuous, 940 integer (940 binary)

Root relaxation: objective 9.656000e+03, 321 iterations, 0.00 seconds (0.01 work units)

    Nodes    |    Current Node    |     Objective Bounds      |     Work
 Expl Unexpl |  Obj  Depth IntInf | Incumbent    BestBd   Gap | It/Node Time

*    0     0               0    9656.0000000 9656.00000  0.00%     -    0s

Explored 1 nodes (321 simplex iterations) in 0.13 seconds (0.18 work units)
Thread count was 20 (of 20 available processors)

Solution count 3: 9656 24428 36000 

Optimal solution found (tolerance 1.00e-04)
Best objective 9.656000000000e+03, best bound 9.656000000000e+03, gap 0.0000%

Gurobi 10.0.2 (win64, C++) logging started Fri Aug 23 19:22:48 2024

Set parameter Username
Set parameter LogFile to value "AMVs_CD_PF_b2.log"

--------------------------------------------
Warning: your license will expire in 11 days
--------------------------------------------

Academic license - for non-commercial use only - expires 2024-09-03
Gurobi Optimizer version 10.0.2 build v10.0.2rc0 (win64)

CPU model: 12th Gen Intel(R) Core(TM) i9-12900H, instruction set [SSE2|AVX|AVX2]
Thread count: 14 physical cores, 20 logical processors, using up to 20 threads

Optimize a model with 4747 rows, 5094 columns and 17694 nonzeros
Model fingerprint: 0x14dceabd
Variable types: 2220 continuous, 2874 integer (2250 binary)
Coefficient statistics:
  Matrix range     [1e+00, 2e+01]
  Objective range  [6e+02, 1e+04]
  Bounds range     [1e+00, 1e+00]
  RHS range        [1e+00, 1e+02]
Found heuristic solution: objective 36000.000000
Presolve removed 3554 rows and 3726 columns
Presolve time: 0.14s
Presolved: 1193 rows, 1368 columns, 13463 nonzeros
Found heuristic solution: objective 28448.000000
Variable types: 447 continuous, 921 integer (921 binary)

Root relaxation: objective 1.488200e+04, 471 iterations, 0.01 seconds (0.01 work units)

    Nodes    |    Current Node    |     Objective Bounds      |     Work
 Expl Unexpl |  Obj  Depth IntInf | Incumbent    BestBd   Gap | It/Node Time

*    0     0               0    14882.000000 14882.0000  0.00%     -    0s

Explored 1 nodes (471 simplex iterations) in 0.16 seconds (0.16 work units)
Thread count was 20 (of 20 available processors)

Solution count 3: 14882 28448 36000 

Optimal solution found (tolerance 1.00e-04)
Best objective 1.488200000000e+04, best bound 1.488200000000e+04, gap 0.0000%

Gurobi 10.0.2 (win64, C++) logging started Fri Aug 23 20:07:33 2024

Set parameter Username
Set parameter LogFile to value "AMVs_CD_PF_b2.log"

--------------------------------------------
Warning: your license will expire in 11 days
--------------------------------------------

Academic license - for non-commercial use only - expires 2024-09-03
Gurobi Optimizer version 10.0.2 build v10.0.2rc0 (win64)

CPU model: 12th Gen Intel(R) Core(TM) i9-12900H, instruction set [SSE2|AVX|AVX2]
Thread count: 14 physical cores, 20 logical processors, using up to 20 threads

Optimize a model with 4771 rows, 5142 columns and 17868 nonzeros
Model fingerprint: 0xeebb4168
Variable types: 2244 continuous, 2898 integer (2274 binary)
Coefficient statistics:
  Matrix range     [1e+00, 1e+01]
  Objective range  [6e+02, 1e+04]
  Bounds range     [1e+00, 1e+00]
  RHS range        [1e+00, 1e+02]
Found heuristic solution: objective 36000.000000
Presolve removed 3518 rows and 3720 columns
Presolve time: 0.13s
Presolved: 1253 rows, 1422 columns, 14024 nonzeros
Found heuristic solution: objective 28448.000000
Variable types: 495 continuous, 927 integer (927 binary)

Root relaxation: objective 1.488200e+04, 421 iterations, 0.01 seconds (0.01 work units)

    Nodes    |    Current Node    |     Objective Bounds      |     Work
 Expl Unexpl |  Obj  Depth IntInf | Incumbent    BestBd   Gap | It/Node Time

*    0     0               0    14882.000000 14882.0000  0.00%     -    0s

Explored 1 nodes (421 simplex iterations) in 0.15 seconds (0.16 work units)
Thread count was 20 (of 20 available processors)

Solution count 3: 14882 28448 36000 

Optimal solution found (tolerance 1.00e-04)
Best objective 1.488200000000e+04, best bound 1.488200000000e+04, gap 0.0000%

Gurobi 10.0.2 (win64, C++) logging started Fri Aug 23 20:10:38 2024

Set parameter Username
Set parameter LogFile to value "AMVs_CD_PF_b2.log"

--------------------------------------------
Warning: your license will expire in 11 days
--------------------------------------------

Academic license - for non-commercial use only - expires 2024-09-03
Gurobi Optimizer version 10.0.2 build v10.0.2rc0 (win64)

CPU model: 12th Gen Intel(R) Core(TM) i9-12900H, instruction set [SSE2|AVX|AVX2]
Thread count: 14 physical cores, 20 logical processors, using up to 20 threads

Optimize a model with 4759 rows, 5118 columns and 17781 nonzeros
Model fingerprint: 0x13cc97fe
Variable types: 2232 continuous, 2886 integer (2262 binary)
Coefficient statistics:
  Matrix range     [1e+00, 1e+01]
  Objective range  [6e+02, 1e+04]
  Bounds range     [1e+00, 1e+00]
  RHS range        [1e+00, 1e+02]
Found heuristic solution: objective 36000.000000
Presolve removed 3534 rows and 3709 columns
Presolve time: 0.13s
Presolved: 1225 rows, 1409 columns, 13933 nonzeros
Found heuristic solution: objective 28448.000000
Variable types: 471 continuous, 938 integer (938 binary)

Root relaxation: objective 1.488200e+04, 449 iterations, 0.01 seconds (0.01 work units)

    Nodes    |    Current Node    |     Objective Bounds      |     Work
 Expl Unexpl |  Obj  Depth IntInf | Incumbent    BestBd   Gap | It/Node Time

*    0     0               0    14882.000000 14882.0000  0.00%     -    0s

Explored 1 nodes (449 simplex iterations) in 0.15 seconds (0.16 work units)
Thread count was 20 (of 20 available processors)

Solution count 3: 14882 28448 36000 

Optimal solution found (tolerance 1.00e-04)
Best objective 1.488200000000e+04, best bound 1.488200000000e+04, gap 0.0000%

Gurobi 10.0.2 (win64, C++) logging started Fri Aug 23 20:21:49 2024

Set parameter Username
Set parameter LogFile to value "AMVs_CD_PF_b2.log"

--------------------------------------------
Warning: your license will expire in 11 days
--------------------------------------------

Academic license - for non-commercial use only - expires 2024-09-03
Gurobi Optimizer version 10.0.2 build v10.0.2rc0 (win64)

CPU model: 12th Gen Intel(R) Core(TM) i9-12900H, instruction set [SSE2|AVX|AVX2]
Thread count: 14 physical cores, 20 logical processors, using up to 20 threads

Optimize a model with 5095 rows, 5454 columns and 18921 nonzeros
Model fingerprint: 0xbde8698f
Variable types: 2376 continuous, 3078 integer (2406 binary)
Coefficient statistics:
  Matrix range     [1e+00, 1e+01]
  Objective range  [2e+02, 1e+04]
  Bounds range     [1e+00, 1e+00]
  RHS range        [1e+00, 1e+02]
Found heuristic solution: objective 36000.000000
Presolve removed 3823 rows and 3974 columns
Presolve time: 0.13s
Presolved: 1272 rows, 1480 columns, 14830 nonzeros
Found heuristic solution: objective 26840.000000
Variable types: 471 continuous, 1009 integer (1009 binary)

Root relaxation: objective 1.327400e+04, 438 iterations, 0.01 seconds (0.01 work units)

    Nodes    |    Current Node    |     Objective Bounds      |     Work
 Expl Unexpl |  Obj  Depth IntInf | Incumbent    BestBd   Gap | It/Node Time

*    0     0               0    13274.000000 13274.0000  0.00%     -    0s

Explored 1 nodes (438 simplex iterations) in 0.16 seconds (0.16 work units)
Thread count was 20 (of 20 available processors)

Solution count 3: 13274 26840 36000 

Optimal solution found (tolerance 1.00e-04)
Best objective 1.327400000000e+04, best bound 1.327400000000e+04, gap 0.0000%

Gurobi 10.0.2 (win64, C++) logging started Fri Aug 23 20:22:45 2024

Set parameter Username
Set parameter LogFile to value "AMVs_CD_PF_b2.log"

--------------------------------------------
Warning: your license will expire in 11 days
--------------------------------------------

Academic license - for non-commercial use only - expires 2024-09-03
Gurobi Optimizer version 10.0.2 build v10.0.2rc0 (win64)

CPU model: 12th Gen Intel(R) Core(TM) i9-12900H, instruction set [SSE2|AVX|AVX2]
Thread count: 14 physical cores, 20 logical processors, using up to 20 threads

Optimize a model with 5083 rows, 5430 columns and 18834 nonzeros
Model fingerprint: 0xe490b8ec
Variable types: 2364 continuous, 3066 integer (2394 binary)
Coefficient statistics:
  Matrix range     [1e+00, 2e+01]
  Objective range  [2e+02, 1e+04]
  Bounds range     [1e+00, 1e+00]
  RHS range        [1e+00, 1e+02]
Found heuristic solution: objective 36000.000000
Presolve removed 3836 rows and 3978 columns
Presolve time: 0.13s
Presolved: 1247 rows, 1452 columns, 14346 nonzeros
Found heuristic solution: objective 26840.000000
Variable types: 447 continuous, 1005 integer (1005 binary)

Root relaxation: objective 1.327400e+04, 406 iterations, 0.01 seconds (0.01 work units)

    Nodes    |    Current Node    |     Objective Bounds      |     Work
 Expl Unexpl |  Obj  Depth IntInf | Incumbent    BestBd   Gap | It/Node Time

*    0     0               0    13274.000000 13274.0000  0.00%     -    0s

Explored 1 nodes (406 simplex iterations) in 0.14 seconds (0.16 work units)
Thread count was 20 (of 20 available processors)

Solution count 3: 13274 26840 36000 

Optimal solution found (tolerance 1.00e-04)
Best objective 1.327400000000e+04, best bound 1.327400000000e+04, gap 0.0000%

Gurobi 10.0.2 (win64, C++) logging started Fri Aug 23 20:23:45 2024

Set parameter Username
Set parameter LogFile to value "AMVs_CD_PF_b2.log"

--------------------------------------------
Warning: your license will expire in 11 days
--------------------------------------------

Academic license - for non-commercial use only - expires 2024-09-03
Gurobi Optimizer version 10.0.2 build v10.0.2rc0 (win64)

CPU model: 12th Gen Intel(R) Core(TM) i9-12900H, instruction set [SSE2|AVX|AVX2]
Thread count: 14 physical cores, 20 logical processors, using up to 20 threads

Optimize a model with 5092 rows, 5442 columns and 18897 nonzeros
Model fingerprint: 0xf92bc7b9
Variable types: 2370 continuous, 3072 integer (2400 binary)
Coefficient statistics:
  Matrix range     [1e+00, 2e+01]
  Objective range  [2e+02, 1e+04]
  Bounds range     [1e+00, 1e+00]
  RHS range        [1e+00, 1e+02]
Found heuristic solution: objective 36000.000000
Presolve removed 3845 rows and 3990 columns
Presolve time: 0.14s
Presolved: 1247 rows, 1452 columns, 14346 nonzeros
Found heuristic solution: objective 26840.000000
Variable types: 447 continuous, 1005 integer (1005 binary)

Root relaxation: objective 1.327400e+04, 406 iterations, 0.01 seconds (0.01 work units)

    Nodes    |    Current Node    |     Objective Bounds      |     Work
 Expl Unexpl |  Obj  Depth IntInf | Incumbent    BestBd   Gap | It/Node Time

*    0     0               0    13274.000000 13274.0000  0.00%     -    0s

Explored 1 nodes (406 simplex iterations) in 0.16 seconds (0.16 work units)
Thread count was 20 (of 20 available processors)

Solution count 3: 13274 26840 36000 

Optimal solution found (tolerance 1.00e-04)
Best objective 1.327400000000e+04, best bound 1.327400000000e+04, gap 0.0000%

Gurobi 10.0.2 (win64, C++) logging started Fri Aug 23 20:27:15 2024

Set parameter Username
Set parameter LogFile to value "AMVs_CD_PF_b2.log"

--------------------------------------------
Warning: your license will expire in 11 days
--------------------------------------------

Academic license - for non-commercial use only - expires 2024-09-03
Gurobi Optimizer version 10.0.2 build v10.0.2rc0 (win64)

CPU model: 12th Gen Intel(R) Core(TM) i9-12900H, instruction set [SSE2|AVX|AVX2]
Thread count: 14 physical cores, 20 logical processors, using up to 20 threads

Optimize a model with 4756 rows, 5106 columns and 17757 nonzeros
Model fingerprint: 0x2bd62454
Variable types: 2226 continuous, 2880 integer (2256 binary)
Coefficient statistics:
  Matrix range     [1e+00, 2e+01]
  Objective range  [6e+02, 1e+04]
  Bounds range     [1e+00, 1e+00]
  RHS range        [1e+00, 1e+02]
Found heuristic solution: objective 36000.000000
Presolve removed 3564 rows and 3739 columns
Presolve time: 0.13s
Presolved: 1192 rows, 1367 columns, 13521 nonzeros
Found heuristic solution: objective 28448.000000
Variable types: 447 continuous, 920 integer (920 binary)

Root relaxation: objective 1.488200e+04, 471 iterations, 0.01 seconds (0.01 work units)

    Nodes    |    Current Node    |     Objective Bounds      |     Work
 Expl Unexpl |  Obj  Depth IntInf | Incumbent    BestBd   Gap | It/Node Time

*    0     0               0    14882.000000 14882.0000  0.00%     -    0s

Explored 1 nodes (471 simplex iterations) in 0.15 seconds (0.16 work units)
Thread count was 20 (of 20 available processors)

Solution count 3: 14882 28448 36000 

Optimal solution found (tolerance 1.00e-04)
Best objective 1.488200000000e+04, best bound 1.488200000000e+04, gap 0.0000%

Gurobi 10.0.2 (win64, C++) logging started Fri Aug 23 20:31:10 2024

Set parameter Username
Set parameter LogFile to value "AMVs_CD_PF_b2.log"

--------------------------------------------
Warning: your license will expire in 11 days
--------------------------------------------

Academic license - for non-commercial use only - expires 2024-09-03
Gurobi Optimizer version 10.0.2 build v10.0.2rc0 (win64)

CPU model: 12th Gen Intel(R) Core(TM) i9-12900H, instruction set [SSE2|AVX|AVX2]
Thread count: 14 physical cores, 20 logical processors, using up to 20 threads

Optimize a model with 5065 rows, 5466 columns and 19041 nonzeros
Model fingerprint: 0x62243119
Variable types: 2388 continuous, 3078 integer (2418 binary)
Coefficient statistics:
  Matrix range     [1e+00, 1e+01]
  Objective range  [2e+02, 1e+04]
  Bounds range     [1e+00, 1e+00]
  RHS range        [1e+00, 1e+02]
Found heuristic solution: objective 36000.000000
Presolve removed 3738 rows and 3943 columns
Presolve time: 0.14s
Presolved: 1327 rows, 1523 columns, 15470 nonzeros
Found heuristic solution: objective 28046.000000
Variable types: 522 continuous, 1001 integer (1001 binary)

Root relaxation: objective 1.367600e+04, 432 iterations, 0.01 seconds (0.01 work units)

    Nodes    |    Current Node    |     Objective Bounds      |     Work
 Expl Unexpl |  Obj  Depth IntInf | Incumbent    BestBd   Gap | It/Node Time

*    0     0               0    13676.000000 13676.0000  0.00%     -    0s

Explored 1 nodes (432 simplex iterations) in 0.15 seconds (0.16 work units)
Thread count was 20 (of 20 available processors)

Solution count 3: 13676 28046 36000 

Optimal solution found (tolerance 1.00e-04)
Best objective 1.367600000000e+04, best bound 1.367600000000e+04, gap 0.0000%

Gurobi 10.0.2 (win64, C++) logging started Fri Aug 23 20:34:01 2024

Set parameter Username
Set parameter LogFile to value "AMVs_CD_PF_b2.log"

--------------------------------------------
Warning: your license will expire in 11 days
--------------------------------------------

Academic license - for non-commercial use only - expires 2024-09-03
Gurobi Optimizer version 10.0.2 build v10.0.2rc0 (win64)

CPU model: 12th Gen Intel(R) Core(TM) i9-12900H, instruction set [SSE2|AVX|AVX2]
Thread count: 14 physical cores, 20 logical processors, using up to 20 threads

Optimize a model with 4948 rows, 5322 columns and 18507 nonzeros
Model fingerprint: 0x7c006afb
Variable types: 2322 continuous, 3000 integer (2352 binary)
Coefficient statistics:
  Matrix range     [1e+00, 2e+01]
  Objective range  [2e+02, 1e+04]
  Bounds range     [1e+00, 1e+00]
  RHS range        [1e+00, 1e+02]
Found heuristic solution: objective 36000.000000
Presolve removed 3701 rows and 3903 columns
Presolve time: 0.14s
Presolved: 1247 rows, 1419 columns, 14152 nonzeros
Found heuristic solution: objective 28448.000000
Variable types: 465 continuous, 954 integer (954 binary)

Root relaxation: objective 1.407800e+04, 421 iterations, 0.01 seconds (0.01 work units)

    Nodes    |    Current Node    |     Objective Bounds      |     Work
 Expl Unexpl |  Obj  Depth IntInf | Incumbent    BestBd   Gap | It/Node Time

*    0     0               0    14078.000000 14078.0000  0.00%     -    0s

Explored 1 nodes (421 simplex iterations) in 0.16 seconds (0.16 work units)
Thread count was 20 (of 20 available processors)

Solution count 3: 14078 28448 36000 

Optimal solution found (tolerance 1.00e-04)
Best objective 1.407800000000e+04, best bound 1.407800000000e+04, gap 0.0000%

Gurobi 10.0.2 (win64, C++) logging started Fri Aug 23 20:36:45 2024

Set parameter Username
Set parameter LogFile to value "AMVs_CD_PF_b2.log"

--------------------------------------------
Warning: your license will expire in 11 days
--------------------------------------------

Academic license - for non-commercial use only - expires 2024-09-03
Gurobi Optimizer version 10.0.2 build v10.0.2rc0 (win64)

CPU model: 12th Gen Intel(R) Core(TM) i9-12900H, instruction set [SSE2|AVX|AVX2]
Thread count: 14 physical cores, 20 logical processors, using up to 20 threads

Optimize a model with 4948 rows, 5322 columns and 18507 nonzeros
Model fingerprint: 0x7c006afb
Variable types: 2322 continuous, 3000 integer (2352 binary)
Coefficient statistics:
  Matrix range     [1e+00, 2e+01]
  Objective range  [2e+02, 1e+04]
  Bounds range     [1e+00, 1e+00]
  RHS range        [1e+00, 1e+02]
Found heuristic solution: objective 36000.000000
Presolve removed 3701 rows and 3903 columns
Presolve time: 0.14s
Presolved: 1247 rows, 1419 columns, 14152 nonzeros
Found heuristic solution: objective 28448.000000
Variable types: 465 continuous, 954 integer (954 binary)

Root relaxation: objective 1.407800e+04, 421 iterations, 0.01 seconds (0.01 work units)

    Nodes    |    Current Node    |     Objective Bounds      |     Work
 Expl Unexpl |  Obj  Depth IntInf | Incumbent    BestBd   Gap | It/Node Time

*    0     0               0    14078.000000 14078.0000  0.00%     -    0s

Explored 1 nodes (421 simplex iterations) in 0.16 seconds (0.16 work units)
Thread count was 20 (of 20 available processors)

Solution count 3: 14078 28448 36000 

Optimal solution found (tolerance 1.00e-04)
Best objective 1.407800000000e+04, best bound 1.407800000000e+04, gap 0.0000%

Gurobi 10.0.2 (win64, C++) logging started Fri Aug 23 21:10:27 2024

Set parameter Username
Set parameter LogFile to value "AMVs_CD_PF_b2.log"

--------------------------------------------
Warning: your license will expire in 11 days
--------------------------------------------

Academic license - for non-commercial use only - expires 2024-09-03
Gurobi Optimizer version 10.0.2 build v10.0.2rc0 (win64)

CPU model: 12th Gen Intel(R) Core(TM) i9-12900H, instruction set [SSE2|AVX|AVX2]
Thread count: 14 physical cores, 20 logical processors, using up to 20 threads

Optimize a model with 4948 rows, 5322 columns and 18507 nonzeros
Model fingerprint: 0x7c006afb
Variable types: 2322 continuous, 3000 integer (2352 binary)
Coefficient statistics:
  Matrix range     [1e+00, 2e+01]
  Objective range  [2e+02, 1e+04]
  Bounds range     [1e+00, 1e+00]
  RHS range        [1e+00, 1e+02]
Found heuristic solution: objective 36000.000000
Presolve removed 3701 rows and 3903 columns
Presolve time: 0.16s
Presolved: 1247 rows, 1419 columns, 14152 nonzeros
Found heuristic solution: objective 28448.000000
Variable types: 465 continuous, 954 integer (954 binary)

Root relaxation: objective 1.407800e+04, 421 iterations, 0.01 seconds (0.01 work units)

    Nodes    |    Current Node    |     Objective Bounds      |     Work
 Expl Unexpl |  Obj  Depth IntInf | Incumbent    BestBd   Gap | It/Node Time

*    0     0               0    14078.000000 14078.0000  0.00%     -    0s

Explored 1 nodes (421 simplex iterations) in 0.18 seconds (0.16 work units)
Thread count was 20 (of 20 available processors)

Solution count 3: 14078 28448 36000 

Optimal solution found (tolerance 1.00e-04)
Best objective 1.407800000000e+04, best bound 1.407800000000e+04, gap 0.0000%

Gurobi 10.0.2 (win64, C++) logging started Fri Aug 23 21:14:23 2024

Set parameter Username
Set parameter LogFile to value "AMVs_CD_PF_b2.log"

--------------------------------------------
Warning: your license will expire in 11 days
--------------------------------------------

Academic license - for non-commercial use only - expires 2024-09-03
Gurobi Optimizer version 10.0.2 build v10.0.2rc0 (win64)

CPU model: 12th Gen Intel(R) Core(TM) i9-12900H, instruction set [SSE2|AVX|AVX2]
Thread count: 14 physical cores, 20 logical processors, using up to 20 threads

Optimize a model with 4948 rows, 5322 columns and 18507 nonzeros
Model fingerprint: 0x7c006afb
Variable types: 2322 continuous, 3000 integer (2352 binary)
Coefficient statistics:
  Matrix range     [1e+00, 2e+01]
  Objective range  [2e+02, 1e+04]
  Bounds range     [1e+00, 1e+00]
  RHS range        [1e+00, 1e+02]
Found heuristic solution: objective 36000.000000
Presolve removed 3701 rows and 3903 columns
Presolve time: 0.16s
Presolved: 1247 rows, 1419 columns, 14152 nonzeros
Found heuristic solution: objective 28448.000000
Variable types: 465 continuous, 954 integer (954 binary)

Root relaxation: objective 1.407800e+04, 421 iterations, 0.01 seconds (0.01 work units)

    Nodes    |    Current Node    |     Objective Bounds      |     Work
 Expl Unexpl |  Obj  Depth IntInf | Incumbent    BestBd   Gap | It/Node Time

*    0     0               0    14078.000000 14078.0000  0.00%     -    0s

Explored 1 nodes (421 simplex iterations) in 0.18 seconds (0.16 work units)
Thread count was 20 (of 20 available processors)

Solution count 3: 14078 28448 36000 

Optimal solution found (tolerance 1.00e-04)
Best objective 1.407800000000e+04, best bound 1.407800000000e+04, gap 0.0000%

Gurobi 10.0.2 (win64, C++) logging started Fri Aug 23 21:38:18 2024

Set parameter Username
Set parameter LogFile to value "AMVs_CD_PF_b2.log"

--------------------------------------------
Warning: your license will expire in 11 days
--------------------------------------------

Academic license - for non-commercial use only - expires 2024-09-03
Gurobi Optimizer version 10.0.2 build v10.0.2rc0 (win64)

CPU model: 12th Gen Intel(R) Core(TM) i9-12900H, instruction set [SSE2|AVX|AVX2]
Thread count: 14 physical cores, 20 logical processors, using up to 20 threads

Optimize a model with 4948 rows, 5322 columns and 18507 nonzeros
Model fingerprint: 0x7c006afb
Variable types: 2322 continuous, 3000 integer (2352 binary)
Coefficient statistics:
  Matrix range     [1e+00, 2e+01]
  Objective range  [2e+02, 1e+04]
  Bounds range     [1e+00, 1e+00]
  RHS range        [1e+00, 1e+02]
Found heuristic solution: objective 36000.000000
Presolve removed 3701 rows and 3903 columns
Presolve time: 0.14s
Presolved: 1247 rows, 1419 columns, 14152 nonzeros
Found heuristic solution: objective 28448.000000
Variable types: 465 continuous, 954 integer (954 binary)

Root relaxation: objective 1.407800e+04, 421 iterations, 0.01 seconds (0.01 work units)

    Nodes    |    Current Node    |     Objective Bounds      |     Work
 Expl Unexpl |  Obj  Depth IntInf | Incumbent    BestBd   Gap | It/Node Time

*    0     0               0    14078.000000 14078.0000  0.00%     -    0s

Explored 1 nodes (421 simplex iterations) in 0.16 seconds (0.16 work units)
Thread count was 20 (of 20 available processors)

Solution count 3: 14078 28448 36000 

Optimal solution found (tolerance 1.00e-04)
Best objective 1.407800000000e+04, best bound 1.407800000000e+04, gap 0.0000%

Gurobi 10.0.2 (win64, C++) logging started Fri Aug 23 21:41:03 2024

Set parameter Username
Set parameter LogFile to value "AMVs_CD_PF_b2.log"

--------------------------------------------
Warning: your license will expire in 11 days
--------------------------------------------

Academic license - for non-commercial use only - expires 2024-09-03
Gurobi Optimizer version 10.0.2 build v10.0.2rc0 (win64)

CPU model: 12th Gen Intel(R) Core(TM) i9-12900H, instruction set [SSE2|AVX|AVX2]
Thread count: 14 physical cores, 20 logical processors, using up to 20 threads

Optimize a model with 4948 rows, 5322 columns and 18507 nonzeros
Model fingerprint: 0x7c006afb
Variable types: 2322 continuous, 3000 integer (2352 binary)
Coefficient statistics:
  Matrix range     [1e+00, 2e+01]
  Objective range  [2e+02, 1e+04]
  Bounds range     [1e+00, 1e+00]
  RHS range        [1e+00, 1e+02]
Found heuristic solution: objective 36000.000000
Presolve removed 3701 rows and 3903 columns
Presolve time: 0.14s
Presolved: 1247 rows, 1419 columns, 14152 nonzeros
Found heuristic solution: objective 28448.000000
Variable types: 465 continuous, 954 integer (954 binary)

Root relaxation: objective 1.407800e+04, 421 iterations, 0.01 seconds (0.01 work units)

    Nodes    |    Current Node    |     Objective Bounds      |     Work
 Expl Unexpl |  Obj  Depth IntInf | Incumbent    BestBd   Gap | It/Node Time

*    0     0               0    14078.000000 14078.0000  0.00%     -    0s

Explored 1 nodes (421 simplex iterations) in 0.16 seconds (0.16 work units)
Thread count was 20 (of 20 available processors)

Solution count 3: 14078 28448 36000 

Optimal solution found (tolerance 1.00e-04)
Best objective 1.407800000000e+04, best bound 1.407800000000e+04, gap 0.0000%

Gurobi 10.0.2 (win64, C++) logging started Fri Aug 23 21:55:00 2024

Set parameter Username
Set parameter LogFile to value "AMVs_CD_PF_b2.log"

--------------------------------------------
Warning: your license will expire in 11 days
--------------------------------------------

Academic license - for non-commercial use only - expires 2024-09-03
Gurobi Optimizer version 10.0.2 build v10.0.2rc0 (win64)

CPU model: 12th Gen Intel(R) Core(TM) i9-12900H, instruction set [SSE2|AVX|AVX2]
Thread count: 14 physical cores, 20 logical processors, using up to 20 threads

Optimize a model with 4948 rows, 5322 columns and 18507 nonzeros
Model fingerprint: 0x7c006afb
Variable types: 2322 continuous, 3000 integer (2352 binary)
Coefficient statistics:
  Matrix range     [1e+00, 2e+01]
  Objective range  [2e+02, 1e+04]
  Bounds range     [1e+00, 1e+00]
  RHS range        [1e+00, 1e+02]
Found heuristic solution: objective 36000.000000
Presolve removed 3701 rows and 3903 columns
Presolve time: 0.15s
Presolved: 1247 rows, 1419 columns, 14152 nonzeros
Found heuristic solution: objective 28448.000000
Variable types: 465 continuous, 954 integer (954 binary)

Root relaxation: objective 1.407800e+04, 421 iterations, 0.01 seconds (0.01 work units)

    Nodes    |    Current Node    |     Objective Bounds      |     Work
 Expl Unexpl |  Obj  Depth IntInf | Incumbent    BestBd   Gap | It/Node Time

*    0     0               0    14078.000000 14078.0000  0.00%     -    0s

Explored 1 nodes (421 simplex iterations) in 0.17 seconds (0.16 work units)
Thread count was 20 (of 20 available processors)

Solution count 3: 14078 28448 36000 

Optimal solution found (tolerance 1.00e-04)
Best objective 1.407800000000e+04, best bound 1.407800000000e+04, gap 0.0000%

Gurobi 10.0.2 (win64, C++) logging started Fri Aug 23 21:55:35 2024

Set parameter Username
Set parameter LogFile to value "AMVs_CD_PF_b2.log"

--------------------------------------------
Warning: your license will expire in 11 days
--------------------------------------------

Academic license - for non-commercial use only - expires 2024-09-03
Gurobi Optimizer version 10.0.2 build v10.0.2rc0 (win64)

CPU model: 12th Gen Intel(R) Core(TM) i9-12900H, instruction set [SSE2|AVX|AVX2]
Thread count: 14 physical cores, 20 logical processors, using up to 20 threads

Optimize a model with 4948 rows, 5322 columns and 18507 nonzeros
Model fingerprint: 0x7c006afb
Variable types: 2322 continuous, 3000 integer (2352 binary)
Coefficient statistics:
  Matrix range     [1e+00, 2e+01]
  Objective range  [2e+02, 1e+04]
  Bounds range     [1e+00, 1e+00]
  RHS range        [1e+00, 1e+02]
Found heuristic solution: objective 36000.000000
Presolve removed 3701 rows and 3903 columns
Presolve time: 0.15s
Presolved: 1247 rows, 1419 columns, 14152 nonzeros
Found heuristic solution: objective 28448.000000
Variable types: 465 continuous, 954 integer (954 binary)

Root relaxation: objective 1.407800e+04, 421 iterations, 0.01 seconds (0.01 work units)

    Nodes    |    Current Node    |     Objective Bounds      |     Work
 Expl Unexpl |  Obj  Depth IntInf | Incumbent    BestBd   Gap | It/Node Time

*    0     0               0    14078.000000 14078.0000  0.00%     -    0s

Explored 1 nodes (421 simplex iterations) in 0.17 seconds (0.16 work units)
Thread count was 20 (of 20 available processors)

Solution count 3: 14078 28448 36000 

Optimal solution found (tolerance 1.00e-04)
Best objective 1.407800000000e+04, best bound 1.407800000000e+04, gap 0.0000%

Gurobi 10.0.2 (win64, C++) logging started Fri Aug 23 22:19:26 2024

Set parameter Username
Set parameter LogFile to value "AMVs_CD_PF_b2.log"

--------------------------------------------
Warning: your license will expire in 11 days
--------------------------------------------

Academic license - for non-commercial use only - expires 2024-09-03
Gurobi Optimizer version 10.0.2 build v10.0.2rc0 (win64)

CPU model: 12th Gen Intel(R) Core(TM) i9-12900H, instruction set [SSE2|AVX|AVX2]
Thread count: 14 physical cores, 20 logical processors, using up to 20 threads

Optimize a model with 4948 rows, 5322 columns and 18507 nonzeros
Model fingerprint: 0x7c006afb
Variable types: 2322 continuous, 3000 integer (2352 binary)
Coefficient statistics:
  Matrix range     [1e+00, 2e+01]
  Objective range  [2e+02, 1e+04]
  Bounds range     [1e+00, 1e+00]
  RHS range        [1e+00, 1e+02]
Found heuristic solution: objective 36000.000000
Presolve removed 3701 rows and 3903 columns
Presolve time: 0.12s
Presolved: 1247 rows, 1419 columns, 14152 nonzeros
Found heuristic solution: objective 28448.000000
Variable types: 465 continuous, 954 integer (954 binary)

Root relaxation: objective 1.407800e+04, 421 iterations, 0.01 seconds (0.01 work units)

    Nodes    |    Current Node    |     Objective Bounds      |     Work
 Expl Unexpl |  Obj  Depth IntInf | Incumbent    BestBd   Gap | It/Node Time

*    0     0               0    14078.000000 14078.0000  0.00%     -    0s

Explored 1 nodes (421 simplex iterations) in 0.13 seconds (0.16 work units)
Thread count was 20 (of 20 available processors)

Solution count 3: 14078 28448 36000 

Optimal solution found (tolerance 1.00e-04)
Best objective 1.407800000000e+04, best bound 1.407800000000e+04, gap 0.0000%

Gurobi 10.0.2 (win64, C++) logging started Fri Aug 23 22:42:06 2024

Set parameter Username
Set parameter LogFile to value "AMVs_CD_PF_b2.log"

--------------------------------------------
Warning: your license will expire in 11 days
--------------------------------------------

Academic license - for non-commercial use only - expires 2024-09-03
Gurobi Optimizer version 10.0.2 build v10.0.2rc0 (win64)

CPU model: 12th Gen Intel(R) Core(TM) i9-12900H, instruction set [SSE2|AVX|AVX2]
Thread count: 14 physical cores, 20 logical processors, using up to 20 threads

Optimize a model with 3763 rows, 4134 columns and 14421 nonzeros
Model fingerprint: 0xd96e3fcb
Variable types: 1812 continuous, 2322 integer (1842 binary)
Coefficient statistics:
  Matrix range     [1e+00, 2e+01]
  Objective range  [2e+02, 1e+04]
  Bounds range     [1e+00, 1e+00]
  RHS range        [1e+00, 1e+02]
Found heuristic solution: objective 36000.000000
Presolve removed 2882 rows and 3092 columns
Presolve time: 0.10s
Presolved: 881 rows, 1042 columns, 9489 nonzeros
Found heuristic solution: objective 28448.000000
Variable types: 370 continuous, 672 integer (672 binary)

Root relaxation: objective 1.970600e+04, 361 iterations, 0.01 seconds (0.01 work units)

    Nodes    |    Current Node    |     Objective Bounds      |     Work
 Expl Unexpl |  Obj  Depth IntInf | Incumbent    BestBd   Gap | It/Node Time

*    0     0               0    19706.000000 19706.0000  0.00%     -    0s

Explored 1 nodes (361 simplex iterations) in 0.12 seconds (0.13 work units)
Thread count was 20 (of 20 available processors)

Solution count 3: 19706 28448 36000 

Optimal solution found (tolerance 1.00e-04)
Best objective 1.970600000000e+04, best bound 1.970600000000e+04, gap 0.0000%

Gurobi 10.0.2 (win64, C++) logging started Sat Aug 24 09:34:59 2024

Set parameter Username
Set parameter LogFile to value "AMVs_CD_PF_b2.log"

--------------------------------------------
Warning: your license will expire in 10 days
--------------------------------------------

Academic license - for non-commercial use only - expires 2024-09-03
Gurobi Optimizer version 10.0.2 build v10.0.2rc0 (win64)

CPU model: 12th Gen Intel(R) Core(TM) i9-12900H, instruction set [SSE2|AVX|AVX2]
Thread count: 14 physical cores, 20 logical processors, using up to 20 threads

Optimize a model with 3763 rows, 4134 columns and 14421 nonzeros
Model fingerprint: 0x8addd8df
Variable types: 1812 continuous, 2322 integer (1842 binary)
Coefficient statistics:
  Matrix range     [1e+00, 2e+01]
  Objective range  [2e+02, 3e+03]
  Bounds range     [1e+00, 1e+00]
  RHS range        [1e+00, 1e+02]
Presolve removed 2882 rows and 3092 columns
Presolve time: 0.11s
Presolved: 881 rows, 1042 columns, 9485 nonzeros
Variable types: 370 continuous, 672 integer (672 binary)
Found heuristic solution: objective 21719.000000
Found heuristic solution: objective 21316.000000

Root relaxation: objective 1.970600e+04, 326 iterations, 0.01 seconds (0.01 work units)

    Nodes    |    Current Node    |     Objective Bounds      |     Work
 Expl Unexpl |  Obj  Depth IntInf | Incumbent    BestBd   Gap | It/Node Time

*    0     0               0    19706.000000 19706.0000  0.00%     -    0s

Explored 1 nodes (326 simplex iterations) in 0.12 seconds (0.13 work units)
Thread count was 20 (of 20 available processors)

Solution count 3: 19706 21316 21719 

Optimal solution found (tolerance 1.00e-04)
Best objective 1.970600000000e+04, best bound 1.970600000000e+04, gap 0.0000%

Gurobi 10.0.2 (win64, C++) logging started Sat Aug 24 09:43:23 2024

Set parameter Username
Set parameter LogFile to value "AMVs_CD_PF_b2.log"

--------------------------------------------
Warning: your license will expire in 10 days
--------------------------------------------

Academic license - for non-commercial use only - expires 2024-09-03
Gurobi Optimizer version 10.0.2 build v10.0.2rc0 (win64)

CPU model: 12th Gen Intel(R) Core(TM) i9-12900H, instruction set [SSE2|AVX|AVX2]
Thread count: 14 physical cores, 20 logical processors, using up to 20 threads

Optimize a model with 3763 rows, 4134 columns and 14421 nonzeros
Model fingerprint: 0x8addd8df
Variable types: 1812 continuous, 2322 integer (1842 binary)
Coefficient statistics:
  Matrix range     [1e+00, 2e+01]
  Objective range  [2e+02, 3e+03]
  Bounds range     [1e+00, 1e+00]
  RHS range        [1e+00, 1e+02]
Presolve removed 2882 rows and 3092 columns
Presolve time: 0.11s
Presolved: 881 rows, 1042 columns, 9485 nonzeros
Variable types: 370 continuous, 672 integer (672 binary)
Found heuristic solution: objective 21719.000000
Found heuristic solution: objective 21316.000000

Root relaxation: objective 1.970600e+04, 326 iterations, 0.01 seconds (0.01 work units)

    Nodes    |    Current Node    |     Objective Bounds      |     Work
 Expl Unexpl |  Obj  Depth IntInf | Incumbent    BestBd   Gap | It/Node Time

*    0     0               0    19706.000000 19706.0000  0.00%     -    0s

Explored 1 nodes (326 simplex iterations) in 0.13 seconds (0.13 work units)
Thread count was 20 (of 20 available processors)

Solution count 3: 19706 21316 21719 

Optimal solution found (tolerance 1.00e-04)
Best objective 1.970600000000e+04, best bound 1.970600000000e+04, gap 0.0000%

Gurobi 10.0.2 (win64, C++) logging started Sat Aug 24 09:52:18 2024

Set parameter Username
Set parameter LogFile to value "AMVs_CD_PF_b2.log"

--------------------------------------------
Warning: your license will expire in 10 days
--------------------------------------------

Academic license - for non-commercial use only - expires 2024-09-03
Gurobi Optimizer version 10.0.2 build v10.0.2rc0 (win64)

CPU model: 12th Gen Intel(R) Core(TM) i9-12900H, instruction set [SSE2|AVX|AVX2]
Thread count: 14 physical cores, 20 logical processors, using up to 20 threads

Optimize a model with 3763 rows, 4134 columns and 14421 nonzeros
Model fingerprint: 0x8addd8df
Variable types: 1812 continuous, 2322 integer (1842 binary)
Coefficient statistics:
  Matrix range     [1e+00, 2e+01]
  Objective range  [2e+02, 3e+03]
  Bounds range     [1e+00, 1e+00]
  RHS range        [1e+00, 1e+02]
Presolve removed 2882 rows and 3092 columns
Presolve time: 0.11s
Presolved: 881 rows, 1042 columns, 9485 nonzeros
Variable types: 370 continuous, 672 integer (672 binary)
Found heuristic solution: objective 21719.000000
Found heuristic solution: objective 21316.000000

Root relaxation: objective 1.970600e+04, 326 iterations, 0.00 seconds (0.01 work units)

    Nodes    |    Current Node    |     Objective Bounds      |     Work
 Expl Unexpl |  Obj  Depth IntInf | Incumbent    BestBd   Gap | It/Node Time

*    0     0               0    19706.000000 19706.0000  0.00%     -    0s

Explored 1 nodes (326 simplex iterations) in 0.12 seconds (0.13 work units)
Thread count was 20 (of 20 available processors)

Solution count 3: 19706 21316 21719 

Optimal solution found (tolerance 1.00e-04)
Best objective 1.970600000000e+04, best bound 1.970600000000e+04, gap 0.0000%

Gurobi 10.0.2 (win64, C++) logging started Sat Aug 24 10:09:14 2024

Set parameter Username
Set parameter LogFile to value "AMVs_CD_PF_b2.log"

--------------------------------------------
Warning: your license will expire in 10 days
--------------------------------------------

Academic license - for non-commercial use only - expires 2024-09-03
Gurobi Optimizer version 10.0.2 build v10.0.2rc0 (win64)

CPU model: 12th Gen Intel(R) Core(TM) i9-12900H, instruction set [SSE2|AVX|AVX2]
Thread count: 14 physical cores, 20 logical processors, using up to 20 threads

Optimize a model with 3763 rows, 4134 columns and 14421 nonzeros
Model fingerprint: 0x8addd8df
Variable types: 1812 continuous, 2322 integer (1842 binary)
Coefficient statistics:
  Matrix range     [1e+00, 2e+01]
  Objective range  [2e+02, 3e+03]
  Bounds range     [1e+00, 1e+00]
  RHS range        [1e+00, 1e+02]
Presolve removed 2882 rows and 3092 columns
Presolve time: 0.12s
Presolved: 881 rows, 1042 columns, 9485 nonzeros
Variable types: 370 continuous, 672 integer (672 binary)
Found heuristic solution: objective 21719.000000
Found heuristic solution: objective 21316.000000

Root relaxation: objective 1.970600e+04, 326 iterations, 0.00 seconds (0.01 work units)

    Nodes    |    Current Node    |     Objective Bounds      |     Work
 Expl Unexpl |  Obj  Depth IntInf | Incumbent    BestBd   Gap | It/Node Time

*    0     0               0    19706.000000 19706.0000  0.00%     -    0s

Explored 1 nodes (326 simplex iterations) in 0.13 seconds (0.13 work units)
Thread count was 20 (of 20 available processors)

Solution count 3: 19706 21316 21719 

Optimal solution found (tolerance 1.00e-04)
Best objective 1.970600000000e+04, best bound 1.970600000000e+04, gap 0.0000%

Gurobi 10.0.2 (win64, C++) logging started Sat Aug 24 10:12:19 2024

Set parameter Username
Set parameter LogFile to value "AMVs_CD_PF_b2.log"

--------------------------------------------
Warning: your license will expire in 10 days
--------------------------------------------

Academic license - for non-commercial use only - expires 2024-09-03
Gurobi Optimizer version 10.0.2 build v10.0.2rc0 (win64)

CPU model: 12th Gen Intel(R) Core(TM) i9-12900H, instruction set [SSE2|AVX|AVX2]
Thread count: 14 physical cores, 20 logical processors, using up to 20 threads

Optimize a model with 3763 rows, 4134 columns and 14421 nonzeros
Model fingerprint: 0x8addd8df
Variable types: 1812 continuous, 2322 integer (1842 binary)
Coefficient statistics:
  Matrix range     [1e+00, 2e+01]
  Objective range  [2e+02, 3e+03]
  Bounds range     [1e+00, 1e+00]
  RHS range        [1e+00, 1e+02]
Presolve removed 2882 rows and 3092 columns
Presolve time: 0.10s
Presolved: 881 rows, 1042 columns, 9485 nonzeros
Variable types: 370 continuous, 672 integer (672 binary)
Found heuristic solution: objective 21719.000000
Found heuristic solution: objective 21316.000000

Root relaxation: objective 1.970600e+04, 326 iterations, 0.01 seconds (0.01 work units)

    Nodes    |    Current Node    |     Objective Bounds      |     Work
 Expl Unexpl |  Obj  Depth IntInf | Incumbent    BestBd   Gap | It/Node Time

*    0     0               0    19706.000000 19706.0000  0.00%     -    0s

Explored 1 nodes (326 simplex iterations) in 0.11 seconds (0.13 work units)
Thread count was 20 (of 20 available processors)

Solution count 3: 19706 21316 21719 

Optimal solution found (tolerance 1.00e-04)
Best objective 1.970600000000e+04, best bound 1.970600000000e+04, gap 0.0000%

Gurobi 10.0.2 (win64, C++) logging started Sat Aug 24 10:32:17 2024

Set parameter Username
Set parameter LogFile to value "AMVs_CD_PF_b2.log"

--------------------------------------------
Warning: your license will expire in 10 days
--------------------------------------------

Academic license - for non-commercial use only - expires 2024-09-03
Gurobi Optimizer version 10.0.2 build v10.0.2rc0 (win64)

CPU model: 12th Gen Intel(R) Core(TM) i9-12900H, instruction set [SSE2|AVX|AVX2]
Thread count: 14 physical cores, 20 logical processors, using up to 20 threads

Optimize a model with 3763 rows, 4134 columns and 14421 nonzeros
Model fingerprint: 0x8addd8df
Variable types: 1812 continuous, 2322 integer (1842 binary)
Coefficient statistics:
  Matrix range     [1e+00, 2e+01]
  Objective range  [2e+02, 3e+03]
  Bounds range     [1e+00, 1e+00]
  RHS range        [1e+00, 1e+02]
Presolve removed 2882 rows and 3092 columns
Presolve time: 0.12s
Presolved: 881 rows, 1042 columns, 9485 nonzeros
Variable types: 370 continuous, 672 integer (672 binary)
Found heuristic solution: objective 21719.000000
Found heuristic solution: objective 21316.000000

Root relaxation: objective 1.970600e+04, 326 iterations, 0.00 seconds (0.01 work units)

    Nodes    |    Current Node    |     Objective Bounds      |     Work
 Expl Unexpl |  Obj  Depth IntInf | Incumbent    BestBd   Gap | It/Node Time

*    0     0               0    19706.000000 19706.0000  0.00%     -    0s

Explored 1 nodes (326 simplex iterations) in 0.13 seconds (0.13 work units)
Thread count was 20 (of 20 available processors)

Solution count 3: 19706 21316 21719 

Optimal solution found (tolerance 1.00e-04)
Best objective 1.970600000000e+04, best bound 1.970600000000e+04, gap 0.0000%

Gurobi 10.0.2 (win64, C++) logging started Sat Aug 24 10:56:00 2024

Set parameter Username
Set parameter LogFile to value "AMVs_CD_PF_b2.log"

--------------------------------------------
Warning: your license will expire in 10 days
--------------------------------------------

Academic license - for non-commercial use only - expires 2024-09-03
Gurobi Optimizer version 10.0.2 build v10.0.2rc0 (win64)

CPU model: 12th Gen Intel(R) Core(TM) i9-12900H, instruction set [SSE2|AVX|AVX2]
Thread count: 14 physical cores, 20 logical processors, using up to 20 threads

Optimize a model with 3763 rows, 4134 columns and 14421 nonzeros
Model fingerprint: 0x8addd8df
Variable types: 1812 continuous, 2322 integer (1842 binary)
Coefficient statistics:
  Matrix range     [1e+00, 2e+01]
  Objective range  [2e+02, 3e+03]
  Bounds range     [1e+00, 1e+00]
  RHS range        [1e+00, 1e+02]
Presolve removed 2882 rows and 3092 columns
Presolve time: 0.10s
Presolved: 881 rows, 1042 columns, 9485 nonzeros
Variable types: 370 continuous, 672 integer (672 binary)
Found heuristic solution: objective 21719.000000
Found heuristic solution: objective 21316.000000

Root relaxation: objective 1.970600e+04, 326 iterations, 0.00 seconds (0.01 work units)

    Nodes    |    Current Node    |     Objective Bounds      |     Work
 Expl Unexpl |  Obj  Depth IntInf | Incumbent    BestBd   Gap | It/Node Time

*    0     0               0    19706.000000 19706.0000  0.00%     -    0s

Explored 1 nodes (326 simplex iterations) in 0.11 seconds (0.13 work units)
Thread count was 20 (of 20 available processors)

Solution count 3: 19706 21316 21719 

Optimal solution found (tolerance 1.00e-04)
Best objective 1.970600000000e+04, best bound 1.970600000000e+04, gap 0.0000%

Gurobi 10.0.2 (win64, C++) logging started Sat Aug 24 11:54:57 2024

Set parameter Username
Set parameter LogFile to value "AMVs_CD_PF_b2.log"

--------------------------------------------
Warning: your license will expire in 10 days
--------------------------------------------

Academic license - for non-commercial use only - expires 2024-09-03
Gurobi Optimizer version 10.0.2 build v10.0.2rc0 (win64)

CPU model: 12th Gen Intel(R) Core(TM) i9-12900H, instruction set [SSE2|AVX|AVX2]
Thread count: 14 physical cores, 20 logical processors, using up to 20 threads

Optimize a model with 3763 rows, 4134 columns and 14421 nonzeros
Model fingerprint: 0x17302083
Variable types: 1812 continuous, 2322 integer (1842 binary)
Coefficient statistics:
  Matrix range     [1e+00, 2e+01]
  Objective range  [2e+01, 3e+02]
  Bounds range     [1e+00, 1e+00]
  RHS range        [1e+00, 1e+02]
Presolve removed 2882 rows and 3092 columns
Presolve time: 0.09s
Presolved: 881 rows, 1042 columns, 9485 nonzeros
Variable types: 370 continuous, 672 integer (672 binary)
Found heuristic solution: objective 2279.0000000
Found heuristic solution: objective 2236.0000000

Root relaxation: objective 2.066000e+03, 340 iterations, 0.00 seconds (0.01 work units)

    Nodes    |    Current Node    |     Objective Bounds      |     Work
 Expl Unexpl |  Obj  Depth IntInf | Incumbent    BestBd   Gap | It/Node Time

*    0     0               0    2066.0000000 2066.00000  0.00%     -    0s

Explored 1 nodes (340 simplex iterations) in 0.10 seconds (0.13 work units)
Thread count was 20 (of 20 available processors)

Solution count 3: 2066 2236 2279 

Optimal solution found (tolerance 1.00e-04)
Best objective 2.066000000000e+03, best bound 2.066000000000e+03, gap 0.0000%

Gurobi 10.0.2 (win64, C++) logging started Sat Aug 24 12:06:54 2024

Set parameter Username
Set parameter LogFile to value "AMVs_CD_PF_b2.log"

--------------------------------------------
Warning: your license will expire in 10 days
--------------------------------------------

Academic license - for non-commercial use only - expires 2024-09-03
Gurobi Optimizer version 10.0.2 build v10.0.2rc0 (win64)

CPU model: 12th Gen Intel(R) Core(TM) i9-12900H, instruction set [SSE2|AVX|AVX2]
Thread count: 14 physical cores, 20 logical processors, using up to 20 threads

Optimize a model with 3763 rows, 4134 columns and 14421 nonzeros
Model fingerprint: 0x5ee99fb4
Variable types: 1812 continuous, 2322 integer (1842 binary)
Coefficient statistics:
  Matrix range     [1e+00, 2e+01]
  Objective range  [5e+01, 8e+02]
  Bounds range     [1e+00, 1e+00]
  RHS range        [1e+00, 1e+02]
Presolve removed 2882 rows and 3092 columns
Presolve time: 0.09s
Presolved: 881 rows, 1042 columns, 9485 nonzeros
Variable types: 370 continuous, 672 integer (672 binary)
Found heuristic solution: objective 5519.0000000
Found heuristic solution: objective 5416.0000000

Root relaxation: objective 5.006000e+03, 326 iterations, 0.00 seconds (0.01 work units)

    Nodes    |    Current Node    |     Objective Bounds      |     Work
 Expl Unexpl |  Obj  Depth IntInf | Incumbent    BestBd   Gap | It/Node Time

*    0     0               0    5006.0000000 5006.00000  0.00%     -    0s

Explored 1 nodes (326 simplex iterations) in 0.10 seconds (0.13 work units)
Thread count was 20 (of 20 available processors)

Solution count 3: 5006 5416 5519 

Optimal solution found (tolerance 1.00e-04)
Best objective 5.006000000000e+03, best bound 5.006000000000e+03, gap 0.0000%

Gurobi 10.0.2 (win64, C++) logging started Sat Aug 24 12:21:23 2024

Set parameter Username
Set parameter LogFile to value "AMVs_CD_PF_b2.log"

--------------------------------------------
Warning: your license will expire in 10 days
--------------------------------------------

Academic license - for non-commercial use only - expires 2024-09-03
Gurobi Optimizer version 10.0.2 build v10.0.2rc0 (win64)

CPU model: 12th Gen Intel(R) Core(TM) i9-12900H, instruction set [SSE2|AVX|AVX2]
Thread count: 14 physical cores, 20 logical processors, using up to 20 threads

Optimize a model with 3658 rows, 4014 columns and 13992 nonzeros
Model fingerprint: 0x726ff7b6
Variable types: 1758 continuous, 2256 integer (1788 binary)
Coefficient statistics:
  Matrix range     [1e+00, 2e+01]
  Objective range  [5e+01, 8e+02]
  Bounds range     [1e+00, 1e+00]
  RHS range        [1e+00, 1e+02]
Presolve removed 2780 rows and 2959 columns
Presolve time: 0.12s
Presolved: 878 rows, 1055 columns, 8663 nonzeros
Variable types: 374 continuous, 681 integer (681 binary)
Found heuristic solution: objective 6897.0000000
Found heuristic solution: objective 5467.0000000

Root relaxation: objective 5.108000e+03, 304 iterations, 0.01 seconds (0.00 work units)

    Nodes    |    Current Node    |     Objective Bounds      |     Work
 Expl Unexpl |  Obj  Depth IntInf | Incumbent    BestBd   Gap | It/Node Time

*    0     0               0    5108.0000000 5108.00000  0.00%     -    0s

Explored 1 nodes (304 simplex iterations) in 0.14 seconds (0.12 work units)
Thread count was 20 (of 20 available processors)

Solution count 3: 5108 5467 6897 

Optimal solution found (tolerance 1.00e-04)
Best objective 5.108000000000e+03, best bound 5.108000000000e+03, gap 0.0000%

Gurobi 10.0.2 (win64, C++) logging started Sat Aug 24 12:33:48 2024

Set parameter Username
Set parameter LogFile to value "AMVs_CD_PF_b2.log"

--------------------------------------------
Warning: your license will expire in 10 days
--------------------------------------------

Academic license - for non-commercial use only - expires 2024-09-03
Gurobi Optimizer version 10.0.2 build v10.0.2rc0 (win64)

CPU model: 12th Gen Intel(R) Core(TM) i9-12900H, instruction set [SSE2|AVX|AVX2]
Thread count: 14 physical cores, 20 logical processors, using up to 20 threads

Optimize a model with 3646 rows, 3990 columns and 13902 nonzeros
Model fingerprint: 0xdb168265
Variable types: 1746 continuous, 2244 integer (1776 binary)
Coefficient statistics:
  Matrix range     [1e+00, 2e+01]
  Objective range  [1e+02, 8e+02]
  Bounds range     [1e+00, 1e+00]
  RHS range        [1e+00, 1e+02]
Found heuristic solution: objective 6180.0000000
Presolve removed 2788 rows and 2960 columns
Presolve time: 0.09s
Presolved: 858 rows, 1030 columns, 8761 nonzeros
Found heuristic solution: objective 5159.0000000
Variable types: 355 continuous, 675 integer (675 binary)

Root relaxation: objective 5.108000e+03, 364 iterations, 0.01 seconds (0.01 work units)

    Nodes    |    Current Node    |     Objective Bounds      |     Work
 Expl Unexpl |  Obj  Depth IntInf | Incumbent    BestBd   Gap | It/Node Time

*    0     0               0    5108.0000000 5108.00000  0.00%     -    0s

Explored 1 nodes (364 simplex iterations) in 0.11 seconds (0.12 work units)
Thread count was 20 (of 20 available processors)

Solution count 3: 5108 5159 6180 

Optimal solution found (tolerance 1.00e-04)
Best objective 5.108000000000e+03, best bound 5.108000000000e+03, gap 0.0000%

Gurobi 10.0.2 (win64, C++) logging started Sat Aug 24 12:36:07 2024

Set parameter Username
Set parameter LogFile to value "AMVs_CD_PF_b2.log"

--------------------------------------------
Warning: your license will expire in 10 days
--------------------------------------------

Academic license - for non-commercial use only - expires 2024-09-03
Gurobi Optimizer version 10.0.2 build v10.0.2rc0 (win64)

CPU model: 12th Gen Intel(R) Core(TM) i9-12900H, instruction set [SSE2|AVX|AVX2]
Thread count: 14 physical cores, 20 logical processors, using up to 20 threads

Optimize a model with 3658 rows, 4014 columns and 13992 nonzeros
Model fingerprint: 0x726ff7b6
Variable types: 1758 continuous, 2256 integer (1788 binary)
Coefficient statistics:
  Matrix range     [1e+00, 2e+01]
  Objective range  [5e+01, 8e+02]
  Bounds range     [1e+00, 1e+00]
  RHS range        [1e+00, 1e+02]
Presolve removed 2780 rows and 2959 columns
Presolve time: 0.13s
Presolved: 878 rows, 1055 columns, 8663 nonzeros
Variable types: 374 continuous, 681 integer (681 binary)
Found heuristic solution: objective 6897.0000000
Found heuristic solution: objective 5467.0000000

Root relaxation: objective 5.108000e+03, 304 iterations, 0.01 seconds (0.00 work units)

    Nodes    |    Current Node    |     Objective Bounds      |     Work
 Expl Unexpl |  Obj  Depth IntInf | Incumbent    BestBd   Gap | It/Node Time

*    0     0               0    5108.0000000 5108.00000  0.00%     -    0s

Explored 1 nodes (304 simplex iterations) in 0.14 seconds (0.12 work units)
Thread count was 20 (of 20 available processors)

Solution count 3: 5108 5467 6897 

Optimal solution found (tolerance 1.00e-04)
Best objective 5.108000000000e+03, best bound 5.108000000000e+03, gap 0.0000%

Gurobi 10.0.2 (win64, C++) logging started Sat Aug 24 18:21:42 2024

Set parameter Username
Set parameter LogFile to value "AMVs_CD_PF_b2.log"

--------------------------------------------
Warning: your license will expire in 10 days
--------------------------------------------

Academic license - for non-commercial use only - expires 2024-09-03
Gurobi Optimizer version 10.0.2 build v10.0.2rc0 (win64)

CPU model: 12th Gen Intel(R) Core(TM) i9-12900H, instruction set [SSE2|AVX|AVX2]
Thread count: 14 physical cores, 20 logical processors, using up to 20 threads

Optimize a model with 3658 rows, 4014 columns and 13992 nonzeros
Model fingerprint: 0x6d8a6ddc
Variable types: 1758 continuous, 2256 integer (1788 binary)
Coefficient statistics:
  Matrix range     [1e+00, 2e+01]
  Objective range  [5e+01, 8e+02]
  Bounds range     [1e+00, 1e+00]
  RHS range        [1e+00, 1e+02]
Presolve removed 2780 rows and 2959 columns
Presolve time: 0.09s
Presolved: 878 rows, 1055 columns, 8663 nonzeros
Variable types: 374 continuous, 681 integer (681 binary)
Found heuristic solution: objective 6895.0000000
Found heuristic solution: objective 5465.0000000

Root relaxation: objective 5.106000e+03, 304 iterations, 0.01 seconds (0.00 work units)

    Nodes    |    Current Node    |     Objective Bounds      |     Work
 Expl Unexpl |  Obj  Depth IntInf | Incumbent    BestBd   Gap | It/Node Time

*    0     0               0    5106.0000000 5106.00000  0.00%     -    0s

Explored 1 nodes (304 simplex iterations) in 0.11 seconds (0.12 work units)
Thread count was 20 (of 20 available processors)

Solution count 3: 5106 5465 6895 

Optimal solution found (tolerance 1.00e-04)
Best objective 5.106000000000e+03, best bound 5.106000000000e+03, gap 0.0000%

Gurobi 10.0.2 (win64, C++) logging started Sat Aug 24 18:24:48 2024

Set parameter Username
Set parameter LogFile to value "AMVs_CD_PF_b2.log"

--------------------------------------------
Warning: your license will expire in 10 days
--------------------------------------------

Academic license - for non-commercial use only - expires 2024-09-03
Gurobi Optimizer version 10.0.2 build v10.0.2rc0 (win64)

CPU model: 12th Gen Intel(R) Core(TM) i9-12900H, instruction set [SSE2|AVX|AVX2]
Thread count: 14 physical cores, 20 logical processors, using up to 20 threads

Optimize a model with 3658 rows, 4014 columns and 13992 nonzeros
Model fingerprint: 0x726ff7b6
Variable types: 1758 continuous, 2256 integer (1788 binary)
Coefficient statistics:
  Matrix range     [1e+00, 2e+01]
  Objective range  [5e+01, 8e+02]
  Bounds range     [1e+00, 1e+00]
  RHS range        [1e+00, 1e+02]
Presolve removed 2780 rows and 2959 columns
Presolve time: 0.08s
Presolved: 878 rows, 1055 columns, 8663 nonzeros
Variable types: 374 continuous, 681 integer (681 binary)
Found heuristic solution: objective 6897.0000000
Found heuristic solution: objective 5467.0000000

Root relaxation: objective 5.108000e+03, 304 iterations, 0.00 seconds (0.00 work units)

    Nodes    |    Current Node    |     Objective Bounds      |     Work
 Expl Unexpl |  Obj  Depth IntInf | Incumbent    BestBd   Gap | It/Node Time

*    0     0               0    5108.0000000 5108.00000  0.00%     -    0s

Explored 1 nodes (304 simplex iterations) in 0.10 seconds (0.12 work units)
Thread count was 20 (of 20 available processors)

Solution count 3: 5108 5467 6897 

Optimal solution found (tolerance 1.00e-04)
Best objective 5.108000000000e+03, best bound 5.108000000000e+03, gap 0.0000%

Gurobi 10.0.2 (win64, C++) logging started Wed Sep 18 17:38:10 2024

Set parameter Username
Set parameter LogFile to value "AMVs_CD_PF_b2.log"
Academic license - for non-commercial use only - expires 2025-09-18
Gurobi Optimizer version 10.0.2 build v10.0.2rc0 (win64)

CPU model: 12th Gen Intel(R) Core(TM) i9-12900H, instruction set [SSE2|AVX|AVX2]
Thread count: 14 physical cores, 20 logical processors, using up to 20 threads

Optimize a model with 3658 rows, 4014 columns and 13992 nonzeros
Model fingerprint: 0x726ff7b6
Variable types: 1758 continuous, 2256 integer (1788 binary)
Coefficient statistics:
  Matrix range     [1e+00, 2e+01]
  Objective range  [5e+01, 8e+02]
  Bounds range     [1e+00, 1e+00]
  RHS range        [1e+00, 1e+02]
Presolve removed 2780 rows and 2959 columns
Presolve time: 0.06s
Presolved: 878 rows, 1055 columns, 8663 nonzeros
Variable types: 374 continuous, 681 integer (681 binary)
Found heuristic solution: objective 6897.0000000
Found heuristic solution: objective 5467.0000000

Root relaxation: objective 5.108000e+03, 304 iterations, 0.02 seconds (0.00 work units)

    Nodes    |    Current Node    |     Objective Bounds      |     Work
 Expl Unexpl |  Obj  Depth IntInf | Incumbent    BestBd   Gap | It/Node Time

*    0     0               0    5108.0000000 5108.00000  0.00%     -    0s

Explored 1 nodes (304 simplex iterations) in 0.08 seconds (0.12 work units)
Thread count was 20 (of 20 available processors)

Solution count 3: 5108 5467 6897 

Optimal solution found (tolerance 1.00e-04)
Best objective 5.108000000000e+03, best bound 5.108000000000e+03, gap 0.0000%

Gurobi 10.0.2 (win64, C++) logging started Wed Sep 18 17:39:23 2024

Set parameter Username
Set parameter LogFile to value "AMVs_CD_PF_b2.log"
Academic license - for non-commercial use only - expires 2025-09-18
Gurobi Optimizer version 10.0.2 build v10.0.2rc0 (win64)

CPU model: 12th Gen Intel(R) Core(TM) i9-12900H, instruction set [SSE2|AVX|AVX2]
Thread count: 14 physical cores, 20 logical processors, using up to 20 threads

Optimize a model with 3630 rows, 3990 columns and 13866 nonzeros
Model fingerprint: 0x118f0d39
Variable types: 1746 continuous, 2244 integer (1776 binary)
Coefficient statistics:
  Matrix range     [1e+00, 2e+01]
  Objective range  [5e+01, 8e+02]
  Bounds range     [1e+00, 1e+00]
  RHS range        [1e+00, 1e+02]
Presolve removed 2881 rows and 3037 columns
Presolve time: 0.07s
Presolved: 749 rows, 953 columns, 8515 nonzeros
Variable types: 278 continuous, 675 integer (675 binary)
Found heuristic solution: objective 5773.0000000
Found heuristic solution: objective 3476.0000000

Root relaxation: objective 3.475000e+03, 272 iterations, 0.00 seconds (0.00 work units)

    Nodes    |    Current Node    |     Objective Bounds      |     Work
 Expl Unexpl |  Obj  Depth IntInf | Incumbent    BestBd   Gap | It/Node Time

*    0     0               0    3475.0000000 3475.00000  0.00%     -    0s

Explored 1 nodes (272 simplex iterations) in 0.09 seconds (0.12 work units)
Thread count was 20 (of 20 available processors)

Solution count 3: 3475 3476 5773 

Optimal solution found (tolerance 1.00e-04)
Best objective 3.475000000000e+03, best bound 3.475000000000e+03, gap 0.0000%

Gurobi 10.0.2 (win64, C++) logging started Wed Sep 18 18:14:01 2024

Set parameter Username
Set parameter LogFile to value "AMVs_CD_PF_b2.log"
Academic license - for non-commercial use only - expires 2025-09-18
Gurobi Optimizer version 10.0.2 build v10.0.2rc0 (win64)

CPU model: 12th Gen Intel(R) Core(TM) i9-12900H, instruction set [SSE2|AVX|AVX2]
Thread count: 14 physical cores, 20 logical processors, using up to 20 threads

Optimize a model with 3658 rows, 4014 columns and 13992 nonzeros
Model fingerprint: 0x10eee2ae
Variable types: 1758 continuous, 2256 integer (1788 binary)
Coefficient statistics:
  Matrix range     [1e+00, 2e+01]
  Objective range  [5e+01, 8e+02]
  Bounds range     [1e+00, 1e+00]
  RHS range        [1e+00, 1e+02]
Found heuristic solution: objective 0.0000000

Explored 0 nodes (0 simplex iterations) in 0.00 seconds (0.00 work units)
Thread count was 1 (of 20 available processors)

Solution count 1: 0 

Optimal solution found (tolerance 1.00e-04)
Best objective 0.000000000000e+00, best bound 0.000000000000e+00, gap 0.0000%

Gurobi 10.0.2 (win64, C++) logging started Wed Sep 18 18:16:23 2024

Set parameter Username
Set parameter LogFile to value "AMVs_CD_PF_b2.log"
Academic license - for non-commercial use only - expires 2025-09-18
Gurobi Optimizer version 10.0.2 build v10.0.2rc0 (win64)

CPU model: 12th Gen Intel(R) Core(TM) i9-12900H, instruction set [SSE2|AVX|AVX2]
Thread count: 14 physical cores, 20 logical processors, using up to 20 threads

Optimize a model with 3658 rows, 4014 columns and 13992 nonzeros
Model fingerprint: 0xff6ccc8e
Variable types: 1758 continuous, 2256 integer (1788 binary)
Coefficient statistics:
  Matrix range     [1e+00, 2e+01]
  Objective range  [5e+01, 1e+03]
  Bounds range     [1e+00, 1e+00]
  RHS range        [1e+00, 1e+02]
Found heuristic solution: objective 3600.0000000
Presolve removed 2780 rows and 2959 columns
Presolve time: 0.08s
Presolved: 878 rows, 1055 columns, 8663 nonzeros
Found heuristic solution: objective 3313.0000000
Variable types: 374 continuous, 681 integer (681 binary)

Root relaxation: cutoff, 244 iterations, 0.00 seconds (0.00 work units)

    Nodes    |    Current Node    |     Objective Bounds      |     Work
 Expl Unexpl |  Obj  Depth IntInf | Incumbent    BestBd   Gap | It/Node Time

     0     0     cutoff    0      3313.00000 3313.00000  0.00%     -    0s

Explored 1 nodes (244 simplex iterations) in 0.09 seconds (0.12 work units)
Thread count was 20 (of 20 available processors)

Solution count 2: 3313 3600 

Optimal solution found (tolerance 1.00e-04)
Best objective 3.313000000000e+03, best bound 3.313000000000e+03, gap 0.0000%

Gurobi 10.0.2 (win64, C++) logging started Wed Sep 18 18:18:27 2024

Set parameter Username
Set parameter LogFile to value "AMVs_CD_PF_b2.log"
Academic license - for non-commercial use only - expires 2025-09-18
Gurobi Optimizer version 10.0.2 build v10.0.2rc0 (win64)

CPU model: 12th Gen Intel(R) Core(TM) i9-12900H, instruction set [SSE2|AVX|AVX2]
Thread count: 14 physical cores, 20 logical processors, using up to 20 threads

Optimize a model with 3658 rows, 4014 columns and 13992 nonzeros
Model fingerprint: 0xdbde73ae
Variable types: 1758 continuous, 2256 integer (1788 binary)
Coefficient statistics:
  Matrix range     [1e+00, 2e+01]
  Objective range  [5e+01, 1e+04]
  Bounds range     [1e+00, 1e+00]
  RHS range        [1e+00, 1e+02]
Found heuristic solution: objective 36000.000000
Presolve removed 2780 rows and 2959 columns
Presolve time: 0.08s
Presolved: 878 rows, 1055 columns, 8663 nonzeros
Found heuristic solution: objective 22148.000000
Variable types: 374 continuous, 681 integer (681 binary)

Root relaxation: objective 5.108000e+03, 339 iterations, 0.00 seconds (0.01 work units)

    Nodes    |    Current Node    |     Objective Bounds      |     Work
 Expl Unexpl |  Obj  Depth IntInf | Incumbent    BestBd   Gap | It/Node Time

*    0     0               0    5108.0000000 5108.00000  0.00%     -    0s

Explored 1 nodes (339 simplex iterations) in 0.08 seconds (0.12 work units)
Thread count was 20 (of 20 available processors)

Solution count 3: 5108 22148 36000 

Optimal solution found (tolerance 1.00e-04)
Best objective 5.108000000000e+03, best bound 5.108000000000e+03, gap 0.0000%
